<?xml version="1.0" encoding="UTF-8"?>
<!-- Generated by org.testng.reporters.JUnitReportReporter -->
<testsuite hostname="DESKTOP-LBU6R5M" name="testing.NewTest" tests="1" failures="0" timestamp="7 Sep 2017 08:01:51 GMT" time="0.008" errors="0">
  <testcase name="f" time="0.008" classname="testing.NewTest"/>
</testsuite> <!-- testing.NewTest -->
